{
  "stats": {
    "suites": 1,
    "tests": 1,
    "passes": 1,
    "pending": 0,
    "failures": 0,
    "start": "2025-05-02T19:21:25.896Z",
    "end": "2025-05-02T19:21:32.590Z",
    "duration": 6694,
    "testsRegistered": 1,
    "passPercent": 100,
    "pendingPercent": 0,
    "other": 0,
    "hasOther": false,
    "skipped": 0,
    "hasSkipped": false
  },
  "results": [
    {
      "uuid": "9eae8138-406e-46dd-bcd6-d53f38c8c691",
      "title": "",
      "fullFile": "cypress\\e2e\\ViewActiveTodo.cy.js",
      "file": "cypress\\e2e\\ViewActiveTodo.cy.js",
      "beforeHooks": [],
      "afterHooks": [],
      "tests": [],
      "suites": [
        {
          "uuid": "6a30c1ee-ec79-454f-9b41-6ee5f1f134ef",
          "title": "View active todo",
          "fullFile": "",
          "file": "",
          "beforeHooks": [],
          "afterHooks": [],
          "tests": [
            {
              "title": "Should show the active todo",
              "fullTitle": "View active todo Should show the active todo",
              "timedOut": null,
              "duration": 3526,
              "state": "passed",
              "speed": "fast",
              "pass": true,
              "fail": false,
              "pending": false,
              "context": null,
              "code": "cy.get(\".new-todo\").type(\"Todo 1{enter}\");\ncy.get(\".view\").should(\"contain\", \"Todo 1\");\ncy.get(\".new-todo\").type(\"Todo 2{enter}\");\ncy.get(\".view\").should(\"contain\", \"Todo 2\");\ncy.get(\".view\").find(\".toggle\").eq(0).should(\"be.exist\").click();\ncy.get(\".todo-count\").should(\"contain\", \"1 item left!\");\ncy.get(\".filters>li:nth-child(2)\").click();\ncy.get(\".view\").should(\"contain\", \"Todo 2\");",
              "err": {},
              "uuid": "b3a58722-4588-4b8f-9d35-2dfae1dfcfc6",
              "parentUUID": "6a30c1ee-ec79-454f-9b41-6ee5f1f134ef",
              "isHook": false,
              "skipped": false
            }
          ],
          "suites": [],
          "passes": [
            "b3a58722-4588-4b8f-9d35-2dfae1dfcfc6"
          ],
          "failures": [],
          "pending": [],
          "skipped": [],
          "duration": 3526,
          "root": false,
          "rootEmpty": false,
          "_timeout": 2000
        }
      ],
      "passes": [],
      "failures": [],
      "pending": [],
      "skipped": [],
      "duration": 0,
      "root": true,
      "rootEmpty": true,
      "_timeout": 2000
    }
  ],
  "meta": {
    "mocha": {
      "version": "7.0.1"
    },
    "mochawesome": {
      "options": {
        "quiet": false,
        "reportFilename": "mochawesome",
        "saveHtml": false,
        "saveJson": true,
        "consoleReporter": "spec",
        "useInlineDiffs": false,
        "code": true
      },
      "version": "7.1.3"
    },
    "marge": {
      "options": {
        "overwrite": false,
        "html": false,
        "json": true,
        "reportDir": "cypress\\reports\\html\\.jsons"
      },
      "version": "6.2.0"
    }
  }
}