{
  "stats": {
    "suites": 1,
    "tests": 1,
    "passes": 1,
    "pending": 0,
    "failures": 0,
    "start": "2025-05-02T19:20:33.371Z",
    "end": "2025-05-02T19:20:42.021Z",
    "duration": 8650,
    "testsRegistered": 1,
    "passPercent": 100,
    "pendingPercent": 0,
    "other": 0,
    "hasOther": false,
    "skipped": 0,
    "hasSkipped": false
  },
  "results": [
    {
      "uuid": "c05033a9-242b-4f9c-80d6-4ceb8b3b4ab0",
      "title": "",
      "fullFile": "cypress\\e2e\\EditExistingTodo.cy.js",
      "file": "cypress\\e2e\\EditExistingTodo.cy.js",
      "beforeHooks": [],
      "afterHooks": [],
      "tests": [],
      "suites": [
        {
          "uuid": "a528a9be-c780-42a5-9326-17d58fa7ab52",
          "title": "Edit existing todo",
          "fullFile": "",
          "file": "",
          "beforeHooks": [],
          "afterHooks": [],
          "tests": [
            {
              "title": "Should edit a existing todo",
              "fullTitle": "Edit existing todo Should edit a existing todo",
              "timedOut": null,
              "duration": 5032,
              "state": "passed",
              "speed": "medium",
              "pass": true,
              "fail": false,
              "pending": false,
              "context": null,
              "code": "cy.get(\".new-todo\").type(\"New todo{enter}\");\ncy.get(\".view\").should(\"contain\", \"New todo\");\ncy.get(\".view\").dblclick().find(\"input[type='text']\").clear().type(\"Edited todo{enter}\");\ncy.get(\".view\").should(\"contain\", \"Edited todo\");",
              "err": {},
              "uuid": "0f10e20c-7cdf-4d58-b71f-e1fef473f602",
              "parentUUID": "a528a9be-c780-42a5-9326-17d58fa7ab52",
              "isHook": false,
              "skipped": false
            }
          ],
          "suites": [],
          "passes": [
            "0f10e20c-7cdf-4d58-b71f-e1fef473f602"
          ],
          "failures": [],
          "pending": [],
          "skipped": [],
          "duration": 5032,
          "root": false,
          "rootEmpty": false,
          "_timeout": 2000
        }
      ],
      "passes": [],
      "failures": [],
      "pending": [],
      "skipped": [],
      "duration": 0,
      "root": true,
      "rootEmpty": true,
      "_timeout": 2000
    }
  ],
  "meta": {
    "mocha": {
      "version": "7.0.1"
    },
    "mochawesome": {
      "options": {
        "quiet": false,
        "reportFilename": "mochawesome",
        "saveHtml": false,
        "saveJson": true,
        "consoleReporter": "spec",
        "useInlineDiffs": false,
        "code": true
      },
      "version": "7.1.3"
    },
    "marge": {
      "options": {
        "overwrite": false,
        "html": false,
        "json": true,
        "reportDir": "cypress\\reports\\html\\.jsons"
      },
      "version": "6.2.0"
    }
  }
}