{
  "stats": {
    "suites": 1,
    "tests": 1,
    "passes": 1,
    "pending": 0,
    "failures": 0,
    "start": "2025-05-02T19:20:55.518Z",
    "end": "2025-05-02T19:21:01.615Z",
    "duration": 6097,
    "testsRegistered": 1,
    "passPercent": 100,
    "pendingPercent": 0,
    "other": 0,
    "hasOther": false,
    "skipped": 0,
    "hasSkipped": false
  },
  "results": [
    {
      "uuid": "74cedbcc-1954-4b43-8e2d-1ed8be8c4479",
      "title": "",
      "fullFile": "cypress\\e2e\\PreventAddingEmptyTodo.cy.js",
      "file": "cypress\\e2e\\PreventAddingEmptyTodo.cy.js",
      "beforeHooks": [],
      "afterHooks": [],
      "tests": [],
      "suites": [
        {
          "uuid": "2e1af808-822c-473a-a6d0-591837afb5d4",
          "title": "Prevent adding empty todo",
          "fullFile": "",
          "file": "",
          "beforeHooks": [],
          "afterHooks": [],
          "tests": [
            {
              "title": "Should prevent adding empty todo",
              "fullTitle": "Prevent adding empty todo Should prevent adding empty todo",
              "timedOut": null,
              "duration": 3097,
              "state": "passed",
              "speed": "fast",
              "pass": true,
              "fail": false,
              "pending": false,
              "context": null,
              "code": "cy.get(\".new-todo\").type(\"{enter}\");\ncy.get(\".view\").should(\"not.be.exist\");",
              "err": {},
              "uuid": "e7330058-0adb-4e48-b9c3-c80c5b6d3166",
              "parentUUID": "2e1af808-822c-473a-a6d0-591837afb5d4",
              "isHook": false,
              "skipped": false
            }
          ],
          "suites": [],
          "passes": [
            "e7330058-0adb-4e48-b9c3-c80c5b6d3166"
          ],
          "failures": [],
          "pending": [],
          "skipped": [],
          "duration": 3097,
          "root": false,
          "rootEmpty": false,
          "_timeout": 2000
        }
      ],
      "passes": [],
      "failures": [],
      "pending": [],
      "skipped": [],
      "duration": 0,
      "root": true,
      "rootEmpty": true,
      "_timeout": 2000
    }
  ],
  "meta": {
    "mocha": {
      "version": "7.0.1"
    },
    "mochawesome": {
      "options": {
        "quiet": false,
        "reportFilename": "mochawesome",
        "saveHtml": false,
        "saveJson": true,
        "consoleReporter": "spec",
        "useInlineDiffs": false,
        "code": true
      },
      "version": "7.1.3"
    },
    "marge": {
      "options": {
        "overwrite": false,
        "html": false,
        "json": true,
        "reportDir": "cypress\\reports\\html\\.jsons"
      },
      "version": "6.2.0"
    }
  }
}