{
  "stats": {
    "suites": 1,
    "tests": 1,
    "passes": 1,
    "pending": 0,
    "failures": 0,
    "start": "2025-05-02T19:20:08.799Z",
    "end": "2025-05-02T19:20:16.965Z",
    "duration": 8166,
    "testsRegistered": 1,
    "passPercent": 100,
    "pendingPercent": 0,
    "other": 0,
    "hasOther": false,
    "skipped": 0,
    "hasSkipped": false
  },
  "results": [
    {
      "uuid": "0597124b-54e3-4537-abb2-9ccac198f43f",
      "title": "",
      "fullFile": "cypress\\e2e\\ClearCompletedTodo.cy.js",
      "file": "cypress\\e2e\\ClearCompletedTodo.cy.js",
      "beforeHooks": [],
      "afterHooks": [],
      "tests": [],
      "suites": [
        {
          "uuid": "05d310be-3635-4450-9508-1bbc711077b4",
          "title": "Clear complete todo",
          "fullFile": "",
          "file": "",
          "beforeHooks": [],
          "afterHooks": [],
          "tests": [
            {
              "title": "Should clear a complete todo",
              "fullTitle": "Clear complete todo Should clear a complete todo",
              "timedOut": null,
              "duration": 5022,
              "state": "passed",
              "speed": "medium",
              "pass": true,
              "fail": false,
              "pending": false,
              "context": null,
              "code": "cy.get(\".new-todo\").type(\"New todo{enter}\");\ncy.get(\".view\").should(\"contain\", \"New todo\");\ncy.get(\".view\").find(\".toggle\").should(\"be.exist\").click();\ncy.get(\".todo-count\").should(\"contain\", \"0 items left!\");\ncy.get(\".clear-completed\").click();\ncy.get(\".todo-count\").should(\"not.be.exist\");",
              "err": {},
              "uuid": "4badc46b-64b9-45fd-aa5b-e0c92c2f079d",
              "parentUUID": "05d310be-3635-4450-9508-1bbc711077b4",
              "isHook": false,
              "skipped": false
            }
          ],
          "suites": [],
          "passes": [
            "4badc46b-64b9-45fd-aa5b-e0c92c2f079d"
          ],
          "failures": [],
          "pending": [],
          "skipped": [],
          "duration": 5022,
          "root": false,
          "rootEmpty": false,
          "_timeout": 2000
        }
      ],
      "passes": [],
      "failures": [],
      "pending": [],
      "skipped": [],
      "duration": 0,
      "root": true,
      "rootEmpty": true,
      "_timeout": 2000
    }
  ],
  "meta": {
    "mocha": {
      "version": "7.0.1"
    },
    "mochawesome": {
      "options": {
        "quiet": false,
        "reportFilename": "mochawesome",
        "saveHtml": false,
        "saveJson": true,
        "consoleReporter": "spec",
        "useInlineDiffs": false,
        "code": true
      },
      "version": "7.1.3"
    },
    "marge": {
      "options": {
        "overwrite": false,
        "html": false,
        "json": true,
        "reportDir": "cypress\\reports\\html\\.jsons"
      },
      "version": "6.2.0"
    }
  }
}