{
  "stats": {
    "suites": 1,
    "tests": 1,
    "passes": 1,
    "pending": 0,
    "failures": 0,
    "start": "2025-05-02T19:19:44.433Z",
    "end": "2025-05-02T19:19:53.482Z",
    "duration": 9049,
    "testsRegistered": 1,
    "passPercent": 100,
    "pendingPercent": 0,
    "other": 0,
    "hasOther": false,
    "skipped": 0,
    "hasSkipped": false
  },
  "results": [
    {
      "uuid": "0c0f8caf-630d-4d0e-a716-87bdaa5822af",
      "title": "",
      "fullFile": "cypress\\e2e\\AddNewTodo.cy.js",
      "file": "cypress\\e2e\\AddNewTodo.cy.js",
      "beforeHooks": [],
      "afterHooks": [],
      "tests": [],
      "suites": [
        {
          "uuid": "c21dcfeb-fc35-4262-8a5f-f3fe5c623d09",
          "title": "Add todo",
          "fullFile": "",
          "file": "",
          "beforeHooks": [],
          "afterHooks": [],
          "tests": [
            {
              "title": "Should add a new todo",
              "fullTitle": "Add todo Should add a new todo",
              "timedOut": null,
              "duration": 5286,
              "state": "passed",
              "speed": "medium",
              "pass": true,
              "fail": false,
              "pending": false,
              "context": null,
              "code": "cy.visitWebsite();\ncy.get(\".new-todo\").type(\"New todo{enter}\");\ncy.get(\".view\").should(\"contain\", \"New todo\");",
              "err": {},
              "uuid": "06fc954a-6af8-4bcb-affa-a34f64f7627b",
              "parentUUID": "c21dcfeb-fc35-4262-8a5f-f3fe5c623d09",
              "isHook": false,
              "skipped": false
            }
          ],
          "suites": [],
          "passes": [
            "06fc954a-6af8-4bcb-affa-a34f64f7627b"
          ],
          "failures": [],
          "pending": [],
          "skipped": [],
          "duration": 5286,
          "root": false,
          "rootEmpty": false,
          "_timeout": 2000
        }
      ],
      "passes": [],
      "failures": [],
      "pending": [],
      "skipped": [],
      "duration": 0,
      "root": true,
      "rootEmpty": true,
      "_timeout": 2000
    }
  ],
  "meta": {
    "mocha": {
      "version": "7.0.1"
    },
    "mochawesome": {
      "options": {
        "quiet": false,
        "reportFilename": "mochawesome",
        "saveHtml": false,
        "saveJson": true,
        "consoleReporter": "spec",
        "useInlineDiffs": false,
        "code": true
      },
      "version": "7.1.3"
    },
    "marge": {
      "options": {
        "overwrite": false,
        "html": false,
        "json": true,
        "reportDir": "cypress\\reports\\html\\.jsons"
      },
      "version": "6.2.0"
    }
  }
}