{
  "stats": {
    "suites": 1,
    "tests": 1,
    "passes": 1,
    "pending": 0,
    "failures": 0,
    "start": "2025-05-02T19:21:15.749Z",
    "end": "2025-05-02T19:21:22.450Z",
    "duration": 6701,
    "testsRegistered": 1,
    "passPercent": 100,
    "pendingPercent": 0,
    "other": 0,
    "hasOther": false,
    "skipped": 0,
    "hasSkipped": false
  },
  "results": [
    {
      "uuid": "6ef5a9ef-30dd-459d-b871-b321bfb8df57",
      "title": "",
      "fullFile": "cypress\\e2e\\UnmarkCompleteTodo.cy.js",
      "file": "cypress\\e2e\\UnmarkCompleteTodo.cy.js",
      "beforeHooks": [],
      "afterHooks": [],
      "tests": [],
      "suites": [
        {
          "uuid": "704cba94-1350-45ac-8974-42a54e682457",
          "title": "Unmark Todo",
          "fullFile": "",
          "file": "",
          "beforeHooks": [],
          "afterHooks": [],
          "tests": [
            {
              "title": "Should unmark a complete todo",
              "fullTitle": "Unmark Todo Should unmark a complete todo",
              "timedOut": null,
              "duration": 3407,
              "state": "passed",
              "speed": "fast",
              "pass": true,
              "fail": false,
              "pending": false,
              "context": null,
              "code": "cy.get(\".view\").find(\".toggle\").should(\"be.exist\").click();\ncy.get(\".todo-count\").should(\"contain\", \"0 items left!\");\ncy.get(\".view\").find(\".toggle\").should(\"be.exist\").click();\ncy.get(\".todo-count\").should(\"contain\", \"1 item left!\");",
              "err": {},
              "uuid": "ded70a20-9b59-4294-a513-905649d041e5",
              "parentUUID": "704cba94-1350-45ac-8974-42a54e682457",
              "isHook": false,
              "skipped": false
            }
          ],
          "suites": [],
          "passes": [
            "ded70a20-9b59-4294-a513-905649d041e5"
          ],
          "failures": [],
          "pending": [],
          "skipped": [],
          "duration": 3407,
          "root": false,
          "rootEmpty": false,
          "_timeout": 2000
        }
      ],
      "passes": [],
      "failures": [],
      "pending": [],
      "skipped": [],
      "duration": 0,
      "root": true,
      "rootEmpty": true,
      "_timeout": 2000
    }
  ],
  "meta": {
    "mocha": {
      "version": "7.0.1"
    },
    "mochawesome": {
      "options": {
        "quiet": false,
        "reportFilename": "mochawesome",
        "saveHtml": false,
        "saveJson": true,
        "consoleReporter": "spec",
        "useInlineDiffs": false,
        "code": true
      },
      "version": "7.1.3"
    },
    "marge": {
      "options": {
        "overwrite": false,
        "html": false,
        "json": true,
        "reportDir": "cypress\\reports\\html\\.jsons"
      },
      "version": "6.2.0"
    }
  }
}