{
  "stats": {
    "suites": 1,
    "tests": 1,
    "passes": 1,
    "pending": 0,
    "failures": 0,
    "start": "2025-05-02T19:21:04.916Z",
    "end": "2025-05-02T19:21:12.328Z",
    "duration": 7412,
    "testsRegistered": 1,
    "passPercent": 100,
    "pendingPercent": 0,
    "other": 0,
    "hasOther": false,
    "skipped": 0,
    "hasSkipped": false
  },
  "results": [
    {
      "uuid": "f23851d1-d455-4b87-aef3-da008babba20",
      "title": "",
      "fullFile": "cypress\\e2e\\TodosNotPersistAfterReload.cy.js",
      "file": "cypress\\e2e\\TodosNotPersistAfterReload.cy.js",
      "beforeHooks": [],
      "afterHooks": [],
      "tests": [],
      "suites": [
        {
          "uuid": "8d8acb55-cc16-40f2-ae96-bec26e0dd95e",
          "title": "Todos persistance after reload",
          "fullFile": "",
          "file": "",
          "beforeHooks": [],
          "afterHooks": [],
          "tests": [
            {
              "title": "Todos should be removed after reload",
              "fullTitle": "Todos persistance after reload Todos should be removed after reload",
              "timedOut": null,
              "duration": 3897,
              "state": "passed",
              "speed": "fast",
              "pass": true,
              "fail": false,
              "pending": false,
              "context": null,
              "code": "cy.get(\".new-todo\").type(\"Todo 1{enter}\");\ncy.get(\".new-todo\").type(\"Todo 2{enter}\");\ncy.reload();\ncy.get(\".view\").should(\"not.be.exist\");",
              "err": {},
              "uuid": "65074cbe-58bd-4e04-8564-f7667b5ea0e4",
              "parentUUID": "8d8acb55-cc16-40f2-ae96-bec26e0dd95e",
              "isHook": false,
              "skipped": false
            }
          ],
          "suites": [],
          "passes": [
            "65074cbe-58bd-4e04-8564-f7667b5ea0e4"
          ],
          "failures": [],
          "pending": [],
          "skipped": [],
          "duration": 3897,
          "root": false,
          "rootEmpty": false,
          "_timeout": 2000
        }
      ],
      "passes": [],
      "failures": [],
      "pending": [],
      "skipped": [],
      "duration": 0,
      "root": true,
      "rootEmpty": true,
      "_timeout": 2000
    }
  ],
  "meta": {
    "mocha": {
      "version": "7.0.1"
    },
    "mochawesome": {
      "options": {
        "quiet": false,
        "reportFilename": "mochawesome",
        "saveHtml": false,
        "saveJson": true,
        "consoleReporter": "spec",
        "useInlineDiffs": false,
        "code": true
      },
      "version": "7.1.3"
    },
    "marge": {
      "options": {
        "overwrite": false,
        "html": false,
        "json": true,
        "reportDir": "cypress\\reports\\html\\.jsons"
      },
      "version": "6.2.0"
    }
  }
}