{
  "stats": {
    "suites": 1,
    "tests": 1,
    "passes": 1,
    "pending": 0,
    "failures": 0,
    "start": "2025-05-02T19:20:21.442Z",
    "end": "2025-05-02T19:20:29.671Z",
    "duration": 8229,
    "testsRegistered": 1,
    "passPercent": 100,
    "pendingPercent": 0,
    "other": 0,
    "hasOther": false,
    "skipped": 0,
    "hasSkipped": false
  },
  "results": [
    {
      "uuid": "4826b3b3-22c1-479e-8b05-9e5d1350a1e8",
      "title": "",
      "fullFile": "cypress\\e2e\\DeleteTodo.cy.js",
      "file": "cypress\\e2e\\DeleteTodo.cy.js",
      "beforeHooks": [],
      "afterHooks": [],
      "tests": [],
      "suites": [
        {
          "uuid": "92adeba4-5b70-47a5-85f0-62ad829ab09c",
          "title": "Clear complete todo",
          "fullFile": "",
          "file": "",
          "beforeHooks": [],
          "afterHooks": [],
          "tests": [
            {
              "title": "Should clear a complete todo",
              "fullTitle": "Clear complete todo Should clear a complete todo",
              "timedOut": null,
              "duration": 4262,
              "state": "passed",
              "speed": "fast",
              "pass": true,
              "fail": false,
              "pending": false,
              "context": null,
              "code": "cy.get(\".new-todo\").type(\"New todo{enter}\");\ncy.get(\".view\").should(\"contain\", \"New todo\");\ncy.get(\".view\").find(\".destroy\").should(\"be.exist\").click({\n  force: true\n});\ncy.get(\".todo-count\").should(\"not.be.exist\");",
              "err": {},
              "uuid": "cbb2ca59-1ace-4fbc-add1-af5be3d10ba3",
              "parentUUID": "92adeba4-5b70-47a5-85f0-62ad829ab09c",
              "isHook": false,
              "skipped": false
            }
          ],
          "suites": [],
          "passes": [
            "cbb2ca59-1ace-4fbc-add1-af5be3d10ba3"
          ],
          "failures": [],
          "pending": [],
          "skipped": [],
          "duration": 4262,
          "root": false,
          "rootEmpty": false,
          "_timeout": 2000
        }
      ],
      "passes": [],
      "failures": [],
      "pending": [],
      "skipped": [],
      "duration": 0,
      "root": true,
      "rootEmpty": true,
      "_timeout": 2000
    }
  ],
  "meta": {
    "mocha": {
      "version": "7.0.1"
    },
    "mochawesome": {
      "options": {
        "quiet": false,
        "reportFilename": "mochawesome",
        "saveHtml": false,
        "saveJson": true,
        "consoleReporter": "spec",
        "useInlineDiffs": false,
        "code": true
      },
      "version": "7.1.3"
    },
    "marge": {
      "options": {
        "overwrite": false,
        "html": false,
        "json": true,
        "reportDir": "cypress\\reports\\html\\.jsons"
      },
      "version": "6.2.0"
    }
  }
}